<?xml version="1.0" encoding="UTF-8"?>
<testsuite name="spin.CompositeLockTest" tests="1" skipped="0" failures="0" errors="0" timestamp="2019-10-12T15:11:08" hostname="chameleon.lan" time="0.687">
  <properties/>
  <testcase name="testParallel" classname="spin.CompositeLockTest" time="0.687"/>
  <system-out><![CDATA[]]></system-out>
  <system-err><![CDATA[]]></system-err>
</testsuite>
