<?xml version="1.0" encoding="UTF-8"?>
<testsuite name="spin.BackoffLockTest" tests="1" skipped="0" failures="0" errors="0" timestamp="2019-10-12T15:11:08" hostname="chameleon.lan" time="0.051">
  <properties/>
  <testcase name="testParallel" classname="spin.BackoffLockTest" time="0.051"/>
  <system-out><![CDATA[parallel
]]></system-out>
  <system-err><![CDATA[]]></system-err>
</testsuite>
