<?xml version="1.0" encoding="UTF-8"?>
<testsuite name="spin.TASLockTest" tests="1" skipped="0" failures="0" errors="0" timestamp="2019-10-12T15:11:10" hostname="chameleon.lan" time="0.005">
  <properties/>
  <testcase name="testParallel" classname="spin.TASLockTest" time="0.005"/>
  <system-out><![CDATA[parallel
]]></system-out>
  <system-err><![CDATA[]]></system-err>
</testsuite>
