<?xml version="1.0" encoding="UTF-8"?>
<testsuite name="spin.CompositeFastPathLockTest" tests="1" skipped="0" failures="0" errors="0" timestamp="2019-10-12T15:11:09" hostname="chameleon.lan" time="0.937">
  <properties/>
  <testcase name="testParallel" classname="spin.CompositeFastPathLockTest" time="0.937"/>
  <system-out><![CDATA[Fast path taken: 12/32768
]]></system-out>
  <system-err><![CDATA[]]></system-err>
</testsuite>
